<?xml version="1.0" encoding="UTF-8"?>
<!-- Generated by org.testng.reporters.JUnitReportReporter -->
<testsuite hostname="Vignesh" failures="0" tests="1" name="com.inetbsnking.testcases.TC_1_Login" time="8.000" errors="0" timestamp="2022-09-19T12:57:59 IST" skipped="0">
  <testcase classname="com.inetbsnking.testcases.TC_1_Login" name="LoginTest" time="8.000"/>
  <system-out/>
</testsuite> <!-- com.inetbsnking.testcases.TC_1_Login -->
